2025-10-24 14:22:09,796 - data_preprocessing - ERROR - File not found: [Errno 2] No such file or directory: './data/raw/train.csv'
2025-10-24 14:23:48,090 - data_preprocessing - DEBUG - Data loaded properly
2025-10-24 14:23:48,091 - data_preprocessing - DEBUG - Starting preprocessing for DataFrame
2025-10-24 14:23:48,093 - data_preprocessing - DEBUG - Target column encoded
2025-10-24 14:23:48,100 - data_preprocessing - DEBUG - Duplicates removed
2025-10-24 14:24:01,747 - data_preprocessing - DEBUG - Text column transformed
2025-10-24 14:24:01,747 - data_preprocessing - DEBUG - Starting preprocessing for DataFrame
2025-10-24 14:24:01,750 - data_preprocessing - DEBUG - Target column encoded
2025-10-24 14:24:01,751 - data_preprocessing - DEBUG - Duplicates removed
2025-10-24 14:24:05,188 - data_preprocessing - DEBUG - Text column transformed
2025-10-24 14:24:05,205 - data_preprocessing - DEBUG - Processed data saved to ./data\interim
2025-10-24 14:28:22,425 - data_preprocessing - DEBUG - Data loaded properly
2025-10-24 14:28:22,427 - data_preprocessing - DEBUG - Starting preprocessing for DataFrame
2025-10-24 14:28:22,428 - data_preprocessing - DEBUG - Target column encoded
2025-10-24 14:28:22,430 - data_preprocessing - DEBUG - Duplicates removed
2025-10-24 14:28:38,405 - data_preprocessing - DEBUG - Text column transformed
2025-10-24 14:28:38,406 - data_preprocessing - DEBUG - Starting preprocessing for DataFrame
2025-10-24 14:28:38,406 - data_preprocessing - DEBUG - Target column encoded
2025-10-24 14:28:38,408 - data_preprocessing - DEBUG - Duplicates removed
2025-10-24 14:28:42,396 - data_preprocessing - DEBUG - Text column transformed
2025-10-24 14:28:42,417 - data_preprocessing - DEBUG - Processed data saved to ./data\interim
